\BOOKMARK [0][-]{chapter.1}{\376\377\0001\000\040\000M\000o\000t\000i\000o\000n\000\040\000C\000o\000n\000t\000r\000o\000l\000l\000e\000d\000\040\000A\000d\000d\000i\000t\000i\000v\000e\000\040\000S\000y\000n\000t\000h\000e\000s\000i\000s}{}% 1
\BOOKMARK [1][-]{section.1.1}{\376\377\0001\000.\0001\000\040\000W\000h\000e\000r\000e\000\040\000t\000o\000\040\000s\000t\000a\000r\000t\000?}{chapter.1}% 2
\BOOKMARK [2][-]{subsection.1.1.1}{\376\377\0001\000.\0001\000.\0001\000\040\000R\000e\000q\000u\000i\000r\000e\000m\000e\000n\000t\000s}{section.1.1}% 3
\BOOKMARK [2][-]{subsection.1.1.2}{\376\377\0001\000.\0001\000.\0002\000\040\000U\000s\000i\000n\000g\000\040\000a\000d\000d\000s\000i\000\040\000w\000i\000t\000h\000\040\000P\000d\000P\000a\000r\000t\000y}{section.1.1}% 4
\BOOKMARK [0][-]{chapter.2}{\376\377\0002\000\040\000D\000a\000t\000a\000\040\000S\000t\000r\000u\000c\000t\000u\000r\000e\000\040\000I\000n\000d\000e\000x}{}% 5
\BOOKMARK [1][-]{section.2.1}{\376\377\0002\000.\0001\000\040\000D\000a\000t\000a\000\040\000S\000t\000r\000u\000c\000t\000u\000r\000e\000s}{chapter.2}% 6
\BOOKMARK [0][-]{chapter.3}{\376\377\0003\000\040\000F\000i\000l\000e\000\040\000I\000n\000d\000e\000x}{}% 7
\BOOKMARK [1][-]{section.3.1}{\376\377\0003\000.\0001\000\040\000F\000i\000l\000e\000\040\000L\000i\000s\000t}{chapter.3}% 8
\BOOKMARK [0][-]{chapter.4}{\376\377\0004\000\040\000D\000a\000t\000a\000\040\000S\000t\000r\000u\000c\000t\000u\000r\000e\000\040\000D\000o\000c\000u\000m\000e\000n\000t\000a\000t\000i\000o\000n}{}% 9
\BOOKMARK [1][-]{section.4.1}{\376\377\0004\000.\0001\000\040\000\137\000a\000t\000o\000m\000\040\000S\000t\000r\000u\000c\000t\000\040\000R\000e\000f\000e\000r\000e\000n\000c\000e}{chapter.4}% 10
\BOOKMARK [1][-]{section.4.2}{\376\377\0004\000.\0002\000\040\000\137\000g\000o\000b\000j\000\040\000S\000t\000r\000u\000c\000t\000\040\000R\000e\000f\000e\000r\000e\000n\000c\000e}{chapter.4}% 11
\BOOKMARK [1][-]{section.4.3}{\376\377\0004\000.\0003\000\040\000\137\000g\000p\000o\000i\000n\000t\000e\000r\000\040\000S\000t\000r\000u\000c\000t\000\040\000R\000e\000f\000e\000r\000e\000n\000c\000e}{chapter.4}% 12
\BOOKMARK [1][-]{section.4.4}{\376\377\0004\000.\0004\000\040\000\137\000g\000s\000t\000u\000b\000\040\000S\000t\000r\000u\000c\000t\000\040\000R\000e\000f\000e\000r\000e\000n\000c\000e}{chapter.4}% 13
\BOOKMARK [1][-]{section.4.5}{\376\377\0004\000.\0005\000\040\000\137\000r\000e\000s\000a\000m\000p\000l\000e\000\040\000S\000t\000r\000u\000c\000t\000\040\000R\000e\000f\000e\000r\000e\000n\000c\000e}{chapter.4}% 14
\BOOKMARK [1][-]{section.4.6}{\376\377\0004\000.\0006\000\040\000\137\000s\000c\000a\000l\000a\000r\000\040\000S\000t\000r\000u\000c\000t\000\040\000R\000e\000f\000e\000r\000e\000n\000c\000e}{chapter.4}% 15
\BOOKMARK [1][-]{section.4.7}{\376\377\0004\000.\0007\000\040\000\137\000s\000i\000g\000n\000a\000l\000\040\000S\000t\000r\000u\000c\000t\000\040\000R\000e\000f\000e\000r\000e\000n\000c\000e}{chapter.4}% 16
\BOOKMARK [1][-]{section.4.8}{\376\377\0004\000.\0008\000\040\000\137\000s\000y\000m\000b\000o\000l\000\040\000S\000t\000r\000u\000c\000t\000\040\000R\000e\000f\000e\000r\000e\000n\000c\000e}{chapter.4}% 17
\BOOKMARK [1][-]{section.4.9}{\376\377\0004\000.\0009\000\040\000\137\000t\000e\000x\000t\000\040\000S\000t\000r\000u\000c\000t\000\040\000R\000e\000f\000e\000r\000e\000n\000c\000e}{chapter.4}% 18
\BOOKMARK [1][-]{section.4.10}{\376\377\0004\000.\0001\0000\000\040\000a\000d\000d\000s\000i\000\040\000S\000t\000r\000u\000c\000t\000\040\000R\000e\000f\000e\000r\000e\000n\000c\000e}{chapter.4}% 19
\BOOKMARK [2][-]{subsection.4.10.1}{\376\377\0004\000.\0001\0000\000.\0001\000\040\000D\000e\000t\000a\000i\000l\000e\000d\000\040\000D\000e\000s\000c\000r\000i\000p\000t\000i\000o\000n}{section.4.10}% 20
\BOOKMARK [2][-]{subsection.4.10.2}{\376\377\0004\000.\0001\0000\000.\0002\000\040\000F\000r\000i\000e\000n\000d\000s\000\040\000A\000n\000d\000\040\000R\000e\000l\000a\000t\000e\000d\000\040\000F\000u\000n\000c\000t\000i\000o\000n\000\040\000D\000o\000c\000u\000m\000e\000n\000t\000a\000t\000i\000o\000n}{section.4.10}% 21
\BOOKMARK [3][-]{subsubsection.4.10.2.1}{\376\377\0004\000.\0001\0000\000.\0002\000.\0001\000\040\000a\000d\000d\000s\000i\000\137\000f\000r\000e\000e\000\050\000\051}{subsection.4.10.2}% 22
\BOOKMARK [3][-]{subsubsection.4.10.2.2}{\376\377\0004\000.\0001\0000\000.\0002\000.\0002\000\040\000a\000d\000d\000s\000i\000\137\000n\000e\000w\000\050\000\051}{subsection.4.10.2}% 23
\BOOKMARK [3][-]{subsubsection.4.10.2.3}{\376\377\0004\000.\0001\0000\000.\0002\000.\0003\000\040\000a\000d\000d\000s\000i\000\137\000p\000r\000o\000c\000e\000s\000s\000\050\000\051}{subsection.4.10.2}% 24
\BOOKMARK [3][-]{subsubsection.4.10.2.4}{\376\377\0004\000.\0001\0000\000.\0002\000.\0004\000\040\000a\000d\000d\000s\000i\000\137\000s\000e\000t\000b\000a\000s\000e\000f\000r\000e\000q\000u\000e\000n\000c\000y\000\050\000\051}{subsection.4.10.2}% 25
\BOOKMARK [3][-]{subsubsection.4.10.2.5}{\376\377\0004\000.\0001\0000\000.\0002\000.\0005\000\040\000a\000d\000d\000s\000i\000\137\000s\000e\000t\000L\000F\000O\0001\000f\000r\000e\000q\000u\000e\000n\000c\000y\000\050\000\051}{subsection.4.10.2}% 26
\BOOKMARK [3][-]{subsubsection.4.10.2.6}{\376\377\0004\000.\0001\0000\000.\0002\000.\0006\000\040\000a\000d\000d\000s\000i\000\137\000s\000e\000t\000L\000F\000O\0002\000f\000r\000e\000q\000u\000e\000n\000c\000y\000\050\000\051}{subsection.4.10.2}% 27
\BOOKMARK [3][-]{subsubsection.4.10.2.7}{\376\377\0004\000.\0001\0000\000.\0002\000.\0007\000\040\000a\000d\000d\000s\000i\000\137\000s\000e\000t\000n\000u\000m\000b\000e\000r\000O\000f\000H\000a\000r\000m\000o\000n\000i\000c\000s\000\050\000\051}{subsection.4.10.2}% 28
\BOOKMARK [2][-]{subsection.4.10.3}{\376\377\0004\000.\0001\0000\000.\0003\000\040\000F\000i\000e\000l\000d\000\040\000D\000o\000c\000u\000m\000e\000n\000t\000a\000t\000i\000o\000n}{section.4.10}% 29
\BOOKMARK [3][-]{subsubsection.4.10.3.1}{\376\377\0004\000.\0001\0000\000.\0003\000.\0001\000\040\000b\000a\000s\000e\000f\000r\000e\000q\000u\000e\000n\000c\000y}{subsection.4.10.3}% 30
\BOOKMARK [3][-]{subsubsection.4.10.3.2}{\376\377\0004\000.\0001\0000\000.\0003\000.\0002\000\040\000c\000u\000r\000r\000e\000n\000t\000I\000n\000d\000e\000x}{subsection.4.10.3}% 31
\BOOKMARK [3][-]{subsubsection.4.10.3.3}{\376\377\0004\000.\0001\0000\000.\0003\000.\0003\000\040\000e\000n\000v\000e\000l\000o\000p\000e\000I\000n\000d\000e\000x}{subsection.4.10.3}% 32
\BOOKMARK [3][-]{subsubsection.4.10.3.4}{\376\377\0004\000.\0001\0000\000.\0003\000.\0004\000\040\000e\000n\000v\000e\000l\000o\000p\000e\000T\000a\000b\000l\000e}{subsection.4.10.3}% 33
\BOOKMARK [3][-]{subsubsection.4.10.3.5}{\376\377\0004\000.\0001\0000\000.\0003\000.\0005\000\040\000h\000a\000r\000m\000o\000n\000i\000c\000G\000a\000i\000n}{subsection.4.10.3}% 34
\BOOKMARK [3][-]{subsubsection.4.10.3.6}{\376\377\0004\000.\0001\0000\000.\0003\000.\0006\000\040\000h\000a\000r\000m\000o\000n\000i\000c\000I\000n\000d\000e\000x}{subsection.4.10.3}% 35
\BOOKMARK [3][-]{subsubsection.4.10.3.7}{\376\377\0004\000.\0001\0000\000.\0003\000.\0007\000\040\000L\000F\000O\0001\000\137\000c\000u\000r\000r\000e\000n\000t\000I\000n\000d\000e\000x}{subsection.4.10.3}% 36
\BOOKMARK [3][-]{subsubsection.4.10.3.8}{\376\377\0004\000.\0001\0000\000.\0003\000.\0008\000\040\000L\000F\000O\0001\000\137\000d\000e\000p\000t\000h}{subsection.4.10.3}% 37
\BOOKMARK [3][-]{subsubsection.4.10.3.9}{\376\377\0004\000.\0001\0000\000.\0003\000.\0009\000\040\000L\000F\000O\0001\000\137\000T\000a\000b\000l\000e}{subsection.4.10.3}% 38
\BOOKMARK [3][-]{subsubsection.4.10.3.10}{\376\377\0004\000.\0001\0000\000.\0003\000.\0001\0000\000\040\000L\000F\000O\0001\000f\000r\000e\000q\000u\000e\000n\000c\000y}{subsection.4.10.3}% 39
\BOOKMARK [3][-]{subsubsection.4.10.3.11}{\376\377\0004\000.\0001\0000\000.\0003\000.\0001\0001\000\040\000L\000F\000O\0002\000\137\000c\000u\000r\000r\000e\000n\000t\000I\000n\000d\000e\000x}{subsection.4.10.3}% 40
\BOOKMARK [3][-]{subsubsection.4.10.3.12}{\376\377\0004\000.\0001\0000\000.\0003\000.\0001\0002\000\040\000L\000F\000O\0002\000\137\000d\000e\000p\000t\000h}{subsection.4.10.3}% 41
\BOOKMARK [3][-]{subsubsection.4.10.3.13}{\376\377\0004\000.\0001\0000\000.\0003\000.\0001\0003\000\040\000L\000F\000O\0002\000\137\000T\000a\000b\000l\000e}{subsection.4.10.3}% 42
\BOOKMARK [3][-]{subsubsection.4.10.3.14}{\376\377\0004\000.\0001\0000\000.\0003\000.\0001\0004\000\040\000L\000F\000O\0002\000f\000r\000e\000q\000u\000e\000n\000c\000y}{subsection.4.10.3}% 43
\BOOKMARK [3][-]{subsubsection.4.10.3.15}{\376\377\0004\000.\0001\0000\000.\0003\000.\0001\0005\000\040\000l\000o\000o\000k\000u\000p\000T\000a\000b\000l\000e\0001}{subsection.4.10.3}% 44
\BOOKMARK [3][-]{subsubsection.4.10.3.16}{\376\377\0004\000.\0001\0000\000.\0003\000.\0001\0006\000\040\000n\000u\000m\000b\000e\000r\000O\000f\000H\000a\000r\000m\000o\000n\000i\000c\000s}{subsection.4.10.3}% 45
\BOOKMARK [3][-]{subsubsection.4.10.3.17}{\376\377\0004\000.\0001\0000\000.\0003\000.\0001\0007\000\040\000t\000a\000b\000l\000e\000S\000i\000z\000e}{subsection.4.10.3}% 46
\BOOKMARK [1][-]{section.4.11}{\376\377\0004\000.\0001\0001\000\040\000a\000d\000d\000s\000i\000\137\000t\000i\000l\000d\000e\000\040\000S\000t\000r\000u\000c\000t\000\040\000R\000e\000f\000e\000r\000e\000n\000c\000e}{chapter.4}% 47
\BOOKMARK [2][-]{subsection.4.11.1}{\376\377\0004\000.\0001\0001\000.\0001\000\040\000D\000e\000t\000a\000i\000l\000e\000d\000\040\000D\000e\000s\000c\000r\000i\000p\000t\000i\000o\000n}{section.4.11}% 48
\BOOKMARK [2][-]{subsection.4.11.2}{\376\377\0004\000.\0001\0001\000.\0002\000\040\000F\000r\000i\000e\000n\000d\000s\000\040\000A\000n\000d\000\040\000R\000e\000l\000a\000t\000e\000d\000\040\000F\000u\000n\000c\000t\000i\000o\000n\000\040\000D\000o\000c\000u\000m\000e\000n\000t\000a\000t\000i\000o\000n}{section.4.11}% 49
\BOOKMARK [3][-]{subsubsection.4.11.2.1}{\376\377\0004\000.\0001\0001\000.\0002\000.\0001\000\040\000a\000d\000d\000s\000i\000\137\000t\000i\000l\000d\000e\000\137\000d\000s\000p\000\050\000\051}{subsection.4.11.2}% 50
\BOOKMARK [3][-]{subsubsection.4.11.2.2}{\376\377\0004\000.\0001\0001\000.\0002\000.\0002\000\040\000a\000d\000d\000s\000i\000\137\000t\000i\000l\000d\000e\000\137\000f\000r\000e\000e\000\050\000\051}{subsection.4.11.2}% 51
\BOOKMARK [3][-]{subsubsection.4.11.2.3}{\376\377\0004\000.\0001\0001\000.\0002\000.\0003\000\040\000a\000d\000d\000s\000i\000\137\000t\000i\000l\000d\000e\000\137\000p\000e\000r\000f\000o\000r\000m\000\050\000\051}{subsection.4.11.2}% 52
\BOOKMARK [3][-]{subsubsection.4.11.2.4}{\376\377\0004\000.\0001\0001\000.\0002\000.\0004\000\040\000a\000d\000d\000s\000i\000\137\000t\000i\000l\000d\000e\000\137\000s\000e\000t\000b\000a\000s\000e\000f\000r\000e\000q\000u\000e\000n\000c\000y\000\050\000\051}{subsection.4.11.2}% 53
\BOOKMARK [3][-]{subsubsection.4.11.2.5}{\376\377\0004\000.\0001\0001\000.\0002\000.\0005\000\040\000a\000d\000d\000s\000i\000\137\000t\000i\000l\000d\000e\000\137\000s\000e\000t\000L\000F\000O\0001\000f\000r\000e\000q\000u\000e\000n\000c\000y\000\050\000\051}{subsection.4.11.2}% 54
\BOOKMARK [3][-]{subsubsection.4.11.2.6}{\376\377\0004\000.\0001\0001\000.\0002\000.\0006\000\040\000a\000d\000d\000s\000i\000\137\000t\000i\000l\000d\000e\000\137\000s\000e\000t\000L\000F\000O\0002\000f\000r\000e\000q\000u\000e\000n\000c\000y\000\050\000\051}{subsection.4.11.2}% 55
\BOOKMARK [3][-]{subsubsection.4.11.2.7}{\376\377\0004\000.\0001\0001\000.\0002\000.\0007\000\040\000a\000d\000d\000s\000i\000\137\000t\000i\000l\000d\000e\000\137\000s\000e\000t\000n\000u\000m\000b\000e\000r\000O\000f\000H\000a\000r\000m\000o\000n\000i\000c\000s\000\050\000\051}{subsection.4.11.2}% 56
\BOOKMARK [2][-]{subsection.4.11.3}{\376\377\0004\000.\0001\0001\000.\0003\000\040\000F\000i\000e\000l\000d\000\040\000D\000o\000c\000u\000m\000e\000n\000t\000a\000t\000i\000o\000n}{section.4.11}% 57
\BOOKMARK [3][-]{subsubsection.4.11.3.1}{\376\377\0004\000.\0001\0001\000.\0003\000.\0001\000\040\000f}{subsection.4.11.3}% 58
\BOOKMARK [3][-]{subsubsection.4.11.3.2}{\376\377\0004\000.\0001\0001\000.\0003\000.\0002\000\040\000o\000s\000c}{subsection.4.11.3}% 59
\BOOKMARK [3][-]{subsubsection.4.11.3.3}{\376\377\0004\000.\0001\0001\000.\0003\000.\0003\000\040\000o\000u\000t}{subsection.4.11.3}% 60
\BOOKMARK [3][-]{subsubsection.4.11.3.4}{\376\377\0004\000.\0001\0001\000.\0003\000.\0004\000\040\000x\000\137\000o\000b\000j}{subsection.4.11.3}% 61
\BOOKMARK [1][-]{section.4.12}{\376\377\0004\000.\0001\0002\000\040\000w\000o\000r\000d\000\040\000U\000n\000i\000o\000n\000\040\000R\000e\000f\000e\000r\000e\000n\000c\000e}{chapter.4}% 62
\BOOKMARK [0][-]{chapter.5}{\376\377\0005\000\040\000F\000i\000l\000e\000\040\000D\000o\000c\000u\000m\000e\000n\000t\000a\000t\000i\000o\000n}{}% 63
\BOOKMARK [1][-]{section.5.1}{\376\377\0005\000.\0001\000\040\000E\000x\000t\000e\000r\000n\000a\000l\000\047\000s\000\040\000S\000o\000u\000r\000c\000e\000/\000a\000d\000d\000s\000i\000.\000c\000\040\000F\000i\000l\000e\000\040\000R\000e\000f\000e\000r\000e\000n\000c\000e}{chapter.5}% 64
\BOOKMARK [2][-]{subsection.5.1.1}{\376\377\0005\000.\0001\000.\0001\000\040\000D\000e\000t\000a\000i\000l\000e\000d\000\040\000D\000e\000s\000c\000r\000i\000p\000t\000i\000o\000n}{section.5.1}% 65
\BOOKMARK [1][-]{section.5.2}{\376\377\0005\000.\0002\000\040\000E\000x\000t\000e\000r\000n\000a\000l\000\047\000s\000\040\000S\000o\000u\000r\000c\000e\000/\000a\000d\000d\000s\000i\000.\000h\000\040\000F\000i\000l\000e\000\040\000R\000e\000f\000e\000r\000e\000n\000c\000e}{chapter.5}% 66
\BOOKMARK [2][-]{subsection.5.2.1}{\376\377\0005\000.\0002\000.\0001\000\040\000D\000e\000t\000a\000i\000l\000e\000d\000\040\000D\000e\000s\000c\000r\000i\000p\000t\000i\000o\000n}{section.5.2}% 67
\BOOKMARK [1][-]{section.5.3}{\376\377\0005\000.\0003\000\040\000E\000x\000t\000e\000r\000n\000a\000l\000\047\000s\000\040\000S\000o\000u\000r\000c\000e\000/\000a\000d\000d\000s\000i\000\137\000p\000d\000.\000c\000\040\000F\000i\000l\000e\000\040\000R\000e\000f\000e\000r\000e\000n\000c\000e}{chapter.5}% 68
\BOOKMARK [2][-]{subsection.5.3.1}{\376\377\0005\000.\0003\000.\0001\000\040\000D\000e\000t\000a\000i\000l\000e\000d\000\040\000D\000e\000s\000c\000r\000i\000p\000t\000i\000o\000n}{section.5.3}% 69
\BOOKMARK [1][-]{section.5.4}{\376\377\0005\000.\0004\000\040\000N\000e\000e\000d\000e\000d\000\040\000o\000t\000h\000e\000r\000\040\000C\000\040\000F\000i\000l\000e\000s\000/\000v\000a\000s\000\137\000m\000e\000m\000.\000h\000\040\000F\000i\000l\000e\000\040\000R\000e\000f\000e\000r\000e\000n\000c\000e}{chapter.5}% 70
\BOOKMARK [2][-]{subsection.5.4.1}{\376\377\0005\000.\0004\000.\0001\000\040\000D\000e\000t\000a\000i\000l\000e\000d\000\040\000D\000e\000s\000c\000r\000i\000p\000t\000i\000o\000n}{section.5.4}% 71
\BOOKMARK [1][-]{section.5.5}{\376\377\0005\000.\0005\000\040\000N\000e\000e\000d\000e\000d\000\040\000o\000t\000h\000e\000r\000\040\000C\000\040\000F\000i\000l\000e\000s\000/\000v\000a\000s\000\137\000u\000t\000i\000l\000.\000h\000\040\000F\000i\000l\000e\000\040\000R\000e\000f\000e\000r\000e\000n\000c\000e}{chapter.5}% 72
\BOOKMARK [2][-]{subsection.5.5.1}{\376\377\0005\000.\0005\000.\0001\000\040\000D\000e\000t\000a\000i\000l\000e\000d\000\040\000D\000e\000s\000c\000r\000i\000p\000t\000i\000o\000n}{section.5.5}% 73
